2014-08-30 16:58:35.549  INFO 11080 [main] --- pl.programmers.Application               : Starting Application on Mirek-Komputer with PID 11080 (C:\Users\Mirek\git\NotesMe\target\classes started by Mirek in C:\Users\Mirek\git\NotesMe)
2014-08-30 16:58:35.583  INFO 11080 [main] --- ationConfigEmbeddedWebApplicationContext : Refreshing org.springframework.boot.context.embedded.AnnotationConfigEmbeddedWebApplicationContext@16bc363: startup date [Sat Aug 30 16:58:35 CEST 2014]; root of context hierarchy
2014-08-30 16:58:36.020  INFO 11080 [main] --- o.s.b.f.s.DefaultListableBeanFactory     : Overriding bean definition for bean 'beanNameViewResolver': replacing [Root bean: class [null]; scope=; abstract=false; lazyInit=false; autowireMode=3; dependencyCheck=0; autowireCandidate=true; primary=false; factoryBeanName=org.springframework.boot.autoconfigure.web.ErrorMvcAutoConfiguration$WhitelabelErrorViewConfiguration; factoryMethodName=beanNameViewResolver; initMethodName=null; destroyMethodName=(inferred); defined in class path resource [org/springframework/boot/autoconfigure/web/ErrorMvcAutoConfiguration$WhitelabelErrorViewConfiguration.class]] with [Root bean: class [null]; scope=; abstract=false; lazyInit=false; autowireMode=3; dependencyCheck=0; autowireCandidate=true; primary=false; factoryBeanName=org.springframework.boot.autoconfigure.web.WebMvcAutoConfiguration$WebMvcAutoConfigurationAdapter; factoryMethodName=beanNameViewResolver; initMethodName=null; destroyMethodName=(inferred); defined in class path resource [org/springframework/boot/autoconfigure/web/WebMvcAutoConfiguration$WebMvcAutoConfigurationAdapter.class]]
2014-08-30 16:58:36.414  INFO 11080 [main] --- f.a.AutowiredAnnotationBeanPostProcessor : JSR-330 'javax.inject.Inject' annotation found and supported for autowiring
2014-08-30 16:58:36.615  INFO 11080 [main] --- trationDelegate$BeanPostProcessorChecker : Bean 'org.springframework.transaction.annotation.ProxyTransactionManagementConfiguration' of type [class org.springframework.transaction.annotation.ProxyTransactionManagementConfiguration$$EnhancerBySpringCGLIB$$53f8c4d] is not eligible for getting processed by all BeanPostProcessors (for example: not eligible for auto-proxying)
2014-08-30 16:58:36.638  INFO 11080 [main] --- trationDelegate$BeanPostProcessorChecker : Bean 'transactionAttributeSource' of type [class org.springframework.transaction.annotation.AnnotationTransactionAttributeSource] is not eligible for getting processed by all BeanPostProcessors (for example: not eligible for auto-proxying)
2014-08-30 16:58:36.648  INFO 11080 [main] --- trationDelegate$BeanPostProcessorChecker : Bean 'transactionInterceptor' of type [class org.springframework.transaction.interceptor.TransactionInterceptor] is not eligible for getting processed by all BeanPostProcessors (for example: not eligible for auto-proxying)
2014-08-30 16:58:36.657  INFO 11080 [main] --- trationDelegate$BeanPostProcessorChecker : Bean 'org.springframework.transaction.config.internalTransactionAdvisor' of type [class org.springframework.transaction.interceptor.BeanFactoryTransactionAttributeSourceAdvisor] is not eligible for getting processed by all BeanPostProcessors (for example: not eligible for auto-proxying)
2014-08-30 16:58:36.986  INFO 11080 [main] --- .t.TomcatEmbeddedServletContainerFactory : Server initialized with port: 8080
2014-08-30 16:58:37.117  INFO 11080 [main] --- o.apache.catalina.core.StandardService   : Starting service Tomcat
2014-08-30 16:58:37.119  INFO 11080 [main] --- org.apache.catalina.core.StandardEngine  : Starting Servlet Engine: Apache Tomcat/7.0.54
2014-08-30 16:58:37.242  INFO 11080 [localhost-startStop-1] --- o.a.c.c.C.[Tomcat].[localhost].[/]       : Initializing Spring embedded WebApplicationContext
2014-08-30 16:58:37.243  INFO 11080 [localhost-startStop-1] --- o.s.web.context.ContextLoader            : Root WebApplicationContext: initialization completed in 1661 ms
2014-08-30 16:58:38.051  INFO 11080 [localhost-startStop-1] --- o.s.b.c.e.ServletRegistrationBean        : Mapping servlet: 'dispatcherServlet' to [/]
2014-08-30 16:58:38.054  INFO 11080 [localhost-startStop-1] --- o.s.b.c.embedded.FilterRegistrationBean  : Mapping filter: 'hiddenHttpMethodFilter' to: [/*]
2014-08-30 16:58:38.704  INFO 11080 [main] --- j.LocalContainerEntityManagerFactoryBean : Building JPA container EntityManagerFactory for persistence unit 'default'
2014-08-30 16:58:38.717  INFO 11080 [main] --- o.hibernate.jpa.internal.util.LogHelper  : HHH000204: Processing PersistenceUnitInfo [
	name: default
	...]
2014-08-30 16:58:38.794  INFO 11080 [main] --- org.hibernate.Version                    : HHH000412: Hibernate Core {4.3.5.Final}
2014-08-30 16:58:38.795  INFO 11080 [main] --- org.hibernate.cfg.Environment            : HHH000206: hibernate.properties not found
2014-08-30 16:58:38.797  INFO 11080 [main] --- org.hibernate.cfg.Environment            : HHH000021: Bytecode provider name : javassist
2014-08-30 16:58:38.980  INFO 11080 [main] --- o.hibernate.annotations.common.Version   : HCANN000001: Hibernate Commons Annotations {4.0.4.Final}
2014-08-30 16:58:39.034  INFO 11080 [main] --- org.hibernate.dialect.Dialect            : HHH000400: Using dialect: org.hibernate.dialect.H2Dialect
2014-08-30 16:58:39.204  INFO 11080 [main] --- o.h.h.i.ast.ASTQueryTranslatorFactory    : HHH000397: Using ASTQueryTranslatorFactory
2014-08-30 16:58:39.439  INFO 11080 [main] --- org.hibernate.tool.hbm2ddl.SchemaExport  : HHH000227: Running hbm2ddl schema export
2014-08-30 16:58:39.448  INFO 11080 [main] --- org.hibernate.tool.hbm2ddl.SchemaExport  : HHH000230: Schema export complete
2014-08-30 16:58:40.344  INFO 11080 [main] --- o.s.w.s.handler.SimpleUrlHandlerMapping  : Mapped URL path [/**/favicon.ico] onto handler of type [class org.springframework.web.servlet.resource.ResourceHttpRequestHandler]
2014-08-30 16:58:40.427  INFO 11080 [main] --- s.w.s.m.m.a.RequestMappingHandlerMapping : Mapped "{[/cars/{id}],methods=[GET],params=[],headers=[],consumes=[],produces=[],custom=[]}" onto public pl.programmers.Car pl.programmers.CarResource.find(java.lang.Long)
2014-08-30 16:58:40.427  INFO 11080 [main] --- s.w.s.m.m.a.RequestMappingHandlerMapping : Mapped "{[/cars],methods=[POST],params=[],headers=[],consumes=[],produces=[],custom=[]}" onto public java.lang.Long pl.programmers.CarResource.save(pl.programmers.Car)
2014-08-30 16:58:40.427  INFO 11080 [main] --- s.w.s.m.m.a.RequestMappingHandlerMapping : Mapped "{[/cars/{id}],methods=[DELETE],params=[],headers=[],consumes=[],produces=[],custom=[]}" onto public void pl.programmers.CarResource.delete(java.lang.Long)
2014-08-30 16:58:40.428  INFO 11080 [main] --- s.w.s.m.m.a.RequestMappingHandlerMapping : Mapped "{[/cars],methods=[GET],params=[],headers=[],consumes=[],produces=[],custom=[]}" onto public java.util.List<pl.programmers.Car> pl.programmers.CarResource.all(java.lang.String)
2014-08-30 16:58:40.429  INFO 11080 [main] --- s.w.s.m.m.a.RequestMappingHandlerMapping : Mapped "{[/error],methods=[],params=[],headers=[],consumes=[],produces=[text/html],custom=[]}" onto public org.springframework.web.servlet.ModelAndView org.springframework.boot.autoconfigure.web.BasicErrorController.errorHtml(javax.servlet.http.HttpServletRequest)
2014-08-30 16:58:40.429  INFO 11080 [main] --- s.w.s.m.m.a.RequestMappingHandlerMapping : Mapped "{[/error],methods=[],params=[],headers=[],consumes=[],produces=[],custom=[]}" onto public org.springframework.http.ResponseEntity<java.util.Map<java.lang.String, java.lang.Object>> org.springframework.boot.autoconfigure.web.BasicErrorController.error(javax.servlet.http.HttpServletRequest)
2014-08-30 16:58:40.437  INFO 11080 [main] --- o.s.w.s.c.a.WebMvcConfigurerAdapter      : Adding welcome page: file:/C:/Users/Mirek/git/NotesMe/target/classes/public/index.html
2014-08-30 16:58:40.440  INFO 11080 [main] --- o.s.w.s.handler.SimpleUrlHandlerMapping  : Root mapping to handler of type [class org.springframework.web.servlet.mvc.ParameterizableViewController]
2014-08-30 16:58:40.448  INFO 11080 [main] --- o.s.w.s.handler.SimpleUrlHandlerMapping  : Mapped URL path [/**] onto handler of type [class org.springframework.web.servlet.resource.ResourceHttpRequestHandler]
2014-08-30 16:58:40.448  INFO 11080 [main] --- o.s.w.s.handler.SimpleUrlHandlerMapping  : Mapped URL path [/webjars/**] onto handler of type [class org.springframework.web.servlet.resource.ResourceHttpRequestHandler]
2014-08-30 16:58:40.719  INFO 11080 [main] --- o.s.j.e.a.AnnotationMBeanExporter        : Registering beans for JMX exposure on startup
2014-08-30 16:58:40.822  INFO 11080 [main] --- s.b.c.e.t.TomcatEmbeddedServletContainer : Tomcat started on port(s): 8080/http
2014-08-30 16:58:40.824  INFO 11080 [main] --- pl.programmers.Application               : Started Application in 5.88 seconds (JVM running for 6.409)
2014-08-30 16:59:24.434  INFO 11080 [http-nio-8080-exec-1] --- o.a.c.c.C.[Tomcat].[localhost].[/]       : Initializing Spring FrameworkServlet 'dispatcherServlet'
2014-08-30 16:59:24.435  INFO 11080 [http-nio-8080-exec-1] --- o.s.web.servlet.DispatcherServlet        : FrameworkServlet 'dispatcherServlet': initialization started
2014-08-30 16:59:24.465  INFO 11080 [http-nio-8080-exec-1] --- o.s.web.servlet.DispatcherServlet        : FrameworkServlet 'dispatcherServlet': initialization completed in 29 ms
2014-08-30 17:08:19.474  INFO 11424 [main] --- pl.programmers.Application               : Starting Application on Mirek-Komputer with PID 11424 (C:\Users\Mirek\git\NotesMe\target\classes started by Mirek in C:\Users\Mirek\git\NotesMe)
2014-08-30 17:08:19.508  INFO 11424 [main] --- ationConfigEmbeddedWebApplicationContext : Refreshing org.springframework.boot.context.embedded.AnnotationConfigEmbeddedWebApplicationContext@16bc363: startup date [Sat Aug 30 17:08:19 CEST 2014]; root of context hierarchy
2014-08-30 17:08:19.958  INFO 11424 [main] --- o.s.b.f.s.DefaultListableBeanFactory     : Overriding bean definition for bean 'beanNameViewResolver': replacing [Root bean: class [null]; scope=; abstract=false; lazyInit=false; autowireMode=3; dependencyCheck=0; autowireCandidate=true; primary=false; factoryBeanName=org.springframework.boot.autoconfigure.web.ErrorMvcAutoConfiguration$WhitelabelErrorViewConfiguration; factoryMethodName=beanNameViewResolver; initMethodName=null; destroyMethodName=(inferred); defined in class path resource [org/springframework/boot/autoconfigure/web/ErrorMvcAutoConfiguration$WhitelabelErrorViewConfiguration.class]] with [Root bean: class [null]; scope=; abstract=false; lazyInit=false; autowireMode=3; dependencyCheck=0; autowireCandidate=true; primary=false; factoryBeanName=org.springframework.boot.autoconfigure.web.WebMvcAutoConfiguration$WebMvcAutoConfigurationAdapter; factoryMethodName=beanNameViewResolver; initMethodName=null; destroyMethodName=(inferred); defined in class path resource [org/springframework/boot/autoconfigure/web/WebMvcAutoConfiguration$WebMvcAutoConfigurationAdapter.class]]
2014-08-30 17:08:20.364  INFO 11424 [main] --- f.a.AutowiredAnnotationBeanPostProcessor : JSR-330 'javax.inject.Inject' annotation found and supported for autowiring
2014-08-30 17:08:20.599  INFO 11424 [main] --- trationDelegate$BeanPostProcessorChecker : Bean 'org.springframework.transaction.annotation.ProxyTransactionManagementConfiguration' of type [class org.springframework.transaction.annotation.ProxyTransactionManagementConfiguration$$EnhancerBySpringCGLIB$$81b5f1f2] is not eligible for getting processed by all BeanPostProcessors (for example: not eligible for auto-proxying)
2014-08-30 17:08:20.626  INFO 11424 [main] --- trationDelegate$BeanPostProcessorChecker : Bean 'transactionAttributeSource' of type [class org.springframework.transaction.annotation.AnnotationTransactionAttributeSource] is not eligible for getting processed by all BeanPostProcessors (for example: not eligible for auto-proxying)
2014-08-30 17:08:20.639  INFO 11424 [main] --- trationDelegate$BeanPostProcessorChecker : Bean 'transactionInterceptor' of type [class org.springframework.transaction.interceptor.TransactionInterceptor] is not eligible for getting processed by all BeanPostProcessors (for example: not eligible for auto-proxying)
2014-08-30 17:08:20.649  INFO 11424 [main] --- trationDelegate$BeanPostProcessorChecker : Bean 'org.springframework.transaction.config.internalTransactionAdvisor' of type [class org.springframework.transaction.interceptor.BeanFactoryTransactionAttributeSourceAdvisor] is not eligible for getting processed by all BeanPostProcessors (for example: not eligible for auto-proxying)
2014-08-30 17:08:20.990  INFO 11424 [main] --- .t.TomcatEmbeddedServletContainerFactory : Server initialized with port: 8080
2014-08-30 17:08:21.123  INFO 11424 [main] --- o.apache.catalina.core.StandardService   : Starting service Tomcat
2014-08-30 17:08:21.124  INFO 11424 [main] --- org.apache.catalina.core.StandardEngine  : Starting Servlet Engine: Apache Tomcat/7.0.54
2014-08-30 17:08:21.252  INFO 11424 [localhost-startStop-1] --- o.a.c.c.C.[Tomcat].[localhost].[/]       : Initializing Spring embedded WebApplicationContext
2014-08-30 17:08:21.253  INFO 11424 [localhost-startStop-1] --- o.s.web.context.ContextLoader            : Root WebApplicationContext: initialization completed in 1746 ms
2014-08-30 17:08:21.870  INFO 11424 [localhost-startStop-1] --- o.s.b.c.e.ServletRegistrationBean        : Mapping servlet: 'dispatcherServlet' to [/]
2014-08-30 17:08:21.872  INFO 11424 [localhost-startStop-1] --- o.s.b.c.embedded.FilterRegistrationBean  : Mapping filter: 'hiddenHttpMethodFilter' to: [/*]
2014-08-30 17:08:22.481  INFO 11424 [main] --- j.LocalContainerEntityManagerFactoryBean : Building JPA container EntityManagerFactory for persistence unit 'default'
2014-08-30 17:08:22.496  INFO 11424 [main] --- o.hibernate.jpa.internal.util.LogHelper  : HHH000204: Processing PersistenceUnitInfo [
	name: default
	...]
2014-08-30 17:08:22.578  INFO 11424 [main] --- org.hibernate.Version                    : HHH000412: Hibernate Core {4.3.5.Final}
2014-08-30 17:08:22.580  INFO 11424 [main] --- org.hibernate.cfg.Environment            : HHH000206: hibernate.properties not found
2014-08-30 17:08:22.582  INFO 11424 [main] --- org.hibernate.cfg.Environment            : HHH000021: Bytecode provider name : javassist
2014-08-30 17:08:22.778  INFO 11424 [main] --- o.hibernate.annotations.common.Version   : HCANN000001: Hibernate Commons Annotations {4.0.4.Final}
2014-08-30 17:08:22.834  INFO 11424 [main] --- org.hibernate.dialect.Dialect            : HHH000400: Using dialect: org.hibernate.dialect.H2Dialect
2014-08-30 17:08:22.957  INFO 11424 [main] --- o.h.h.i.ast.ASTQueryTranslatorFactory    : HHH000397: Using ASTQueryTranslatorFactory
2014-08-30 17:08:23.260  INFO 11424 [main] --- org.hibernate.tool.hbm2ddl.SchemaExport  : HHH000227: Running hbm2ddl schema export
2014-08-30 17:08:23.268  INFO 11424 [main] --- org.hibernate.tool.hbm2ddl.SchemaExport  : HHH000230: Schema export complete
2014-08-30 17:08:23.869  INFO 11424 [main] --- o.s.w.s.handler.SimpleUrlHandlerMapping  : Mapped URL path [/**/favicon.ico] onto handler of type [class org.springframework.web.servlet.resource.ResourceHttpRequestHandler]
2014-08-30 17:08:23.967  INFO 11424 [main] --- s.w.s.m.m.a.RequestMappingHandlerMapping : Mapped "{[/cars/{id}],methods=[GET],params=[],headers=[],consumes=[],produces=[],custom=[]}" onto public pl.programmers.Car pl.programmers.CarResource.find(java.lang.Long)
2014-08-30 17:08:23.967  INFO 11424 [main] --- s.w.s.m.m.a.RequestMappingHandlerMapping : Mapped "{[/cars],methods=[POST],params=[],headers=[],consumes=[],produces=[],custom=[]}" onto public java.lang.Long pl.programmers.CarResource.save(pl.programmers.Car)
2014-08-30 17:08:23.968  INFO 11424 [main] --- s.w.s.m.m.a.RequestMappingHandlerMapping : Mapped "{[/cars/{id}],methods=[DELETE],params=[],headers=[],consumes=[],produces=[],custom=[]}" onto public void pl.programmers.CarResource.delete(java.lang.Long)
2014-08-30 17:08:23.968  INFO 11424 [main] --- s.w.s.m.m.a.RequestMappingHandlerMapping : Mapped "{[/cars],methods=[GET],params=[],headers=[],consumes=[],produces=[],custom=[]}" onto public java.util.List<pl.programmers.Car> pl.programmers.CarResource.all(java.lang.String)
2014-08-30 17:08:23.970  INFO 11424 [main] --- s.w.s.m.m.a.RequestMappingHandlerMapping : Mapped "{[/error],methods=[],params=[],headers=[],consumes=[],produces=[text/html],custom=[]}" onto public org.springframework.web.servlet.ModelAndView org.springframework.boot.autoconfigure.web.BasicErrorController.errorHtml(javax.servlet.http.HttpServletRequest)
2014-08-30 17:08:23.970  INFO 11424 [main] --- s.w.s.m.m.a.RequestMappingHandlerMapping : Mapped "{[/error],methods=[],params=[],headers=[],consumes=[],produces=[],custom=[]}" onto public org.springframework.http.ResponseEntity<java.util.Map<java.lang.String, java.lang.Object>> org.springframework.boot.autoconfigure.web.BasicErrorController.error(javax.servlet.http.HttpServletRequest)
2014-08-30 17:08:23.977  INFO 11424 [main] --- o.s.w.s.c.a.WebMvcConfigurerAdapter      : Adding welcome page: file:/C:/Users/Mirek/git/NotesMe/target/classes/public/index.html
2014-08-30 17:08:23.980  INFO 11424 [main] --- o.s.w.s.handler.SimpleUrlHandlerMapping  : Root mapping to handler of type [class org.springframework.web.servlet.mvc.ParameterizableViewController]
2014-08-30 17:08:23.989  INFO 11424 [main] --- o.s.w.s.handler.SimpleUrlHandlerMapping  : Mapped URL path [/**] onto handler of type [class org.springframework.web.servlet.resource.ResourceHttpRequestHandler]
2014-08-30 17:08:23.989  INFO 11424 [main] --- o.s.w.s.handler.SimpleUrlHandlerMapping  : Mapped URL path [/webjars/**] onto handler of type [class org.springframework.web.servlet.resource.ResourceHttpRequestHandler]
2014-08-30 17:08:24.212  INFO 11424 [main] --- o.s.j.e.a.AnnotationMBeanExporter        : Registering beans for JMX exposure on startup
2014-08-30 17:08:24.305  INFO 11424 [main] --- s.b.c.e.t.TomcatEmbeddedServletContainer : Tomcat started on port(s): 8080/http
2014-08-30 17:08:24.307  INFO 11424 [main] --- pl.programmers.Application               : Started Application in 5.214 seconds (JVM running for 5.571)
2014-08-30 17:08:31.508  INFO 11424 [http-nio-8080-exec-1] --- o.a.c.c.C.[Tomcat].[localhost].[/]       : Initializing Spring FrameworkServlet 'dispatcherServlet'
2014-08-30 17:08:31.508  INFO 11424 [http-nio-8080-exec-1] --- o.s.web.servlet.DispatcherServlet        : FrameworkServlet 'dispatcherServlet': initialization started
2014-08-30 17:08:31.526  INFO 11424 [http-nio-8080-exec-1] --- o.s.web.servlet.DispatcherServlet        : FrameworkServlet 'dispatcherServlet': initialization completed in 18 ms
2014-08-31 11:24:14.251  INFO 8184 [main] --- pl.programmers.Runner                    : Starting Runner on Mirek-Komputer with PID 8184 (C:\Users\Mirek\git\NotesMe\target\classes started by Mirek in C:\Users\Mirek\git\NotesMe)
2014-08-31 11:24:14.296  INFO 8184 [main] --- ationConfigEmbeddedWebApplicationContext : Refreshing org.springframework.boot.context.embedded.AnnotationConfigEmbeddedWebApplicationContext@4ba2ca36: startup date [Sun Aug 31 11:24:14 CEST 2014]; root of context hierarchy
2014-08-31 11:24:14.814  INFO 8184 [main] --- o.s.b.f.s.DefaultListableBeanFactory     : Overriding bean definition for bean 'beanNameViewResolver': replacing [Root bean: class [null]; scope=; abstract=false; lazyInit=false; autowireMode=3; dependencyCheck=0; autowireCandidate=true; primary=false; factoryBeanName=org.springframework.boot.autoconfigure.web.ErrorMvcAutoConfiguration$WhitelabelErrorViewConfiguration; factoryMethodName=beanNameViewResolver; initMethodName=null; destroyMethodName=(inferred); defined in class path resource [org/springframework/boot/autoconfigure/web/ErrorMvcAutoConfiguration$WhitelabelErrorViewConfiguration.class]] with [Root bean: class [null]; scope=; abstract=false; lazyInit=false; autowireMode=3; dependencyCheck=0; autowireCandidate=true; primary=false; factoryBeanName=org.springframework.boot.autoconfigure.web.WebMvcAutoConfiguration$WebMvcAutoConfigurationAdapter; factoryMethodName=beanNameViewResolver; initMethodName=null; destroyMethodName=(inferred); defined in class path resource [org/springframework/boot/autoconfigure/web/WebMvcAutoConfiguration$WebMvcAutoConfigurationAdapter.class]]
2014-08-31 11:24:15.368  INFO 8184 [main] --- f.a.AutowiredAnnotationBeanPostProcessor : JSR-330 'javax.inject.Inject' annotation found and supported for autowiring
2014-08-31 11:24:15.663  INFO 8184 [main] --- trationDelegate$BeanPostProcessorChecker : Bean 'org.springframework.transaction.annotation.ProxyTransactionManagementConfiguration' of type [class org.springframework.transaction.annotation.ProxyTransactionManagementConfiguration$$EnhancerBySpringCGLIB$$6ba8ae49] is not eligible for getting processed by all BeanPostProcessors (for example: not eligible for auto-proxying)
2014-08-31 11:24:15.699  INFO 8184 [main] --- trationDelegate$BeanPostProcessorChecker : Bean 'transactionAttributeSource' of type [class org.springframework.transaction.annotation.AnnotationTransactionAttributeSource] is not eligible for getting processed by all BeanPostProcessors (for example: not eligible for auto-proxying)
2014-08-31 11:24:15.718  INFO 8184 [main] --- trationDelegate$BeanPostProcessorChecker : Bean 'transactionInterceptor' of type [class org.springframework.transaction.interceptor.TransactionInterceptor] is not eligible for getting processed by all BeanPostProcessors (for example: not eligible for auto-proxying)
2014-08-31 11:24:15.726  INFO 8184 [main] --- trationDelegate$BeanPostProcessorChecker : Bean 'org.springframework.transaction.config.internalTransactionAdvisor' of type [class org.springframework.transaction.interceptor.BeanFactoryTransactionAttributeSourceAdvisor] is not eligible for getting processed by all BeanPostProcessors (for example: not eligible for auto-proxying)
2014-08-31 11:24:16.509  INFO 8184 [main] --- .t.TomcatEmbeddedServletContainerFactory : Server initialized with port: 8080
2014-08-31 11:24:16.807  INFO 8184 [main] --- o.apache.catalina.core.StandardService   : Starting service Tomcat
2014-08-31 11:24:16.810  INFO 8184 [main] --- org.apache.catalina.core.StandardEngine  : Starting Servlet Engine: Apache Tomcat/7.0.54
2014-08-31 11:24:17.029  INFO 8184 [localhost-startStop-1] --- o.a.c.c.C.[Tomcat].[localhost].[/]       : Initializing Spring embedded WebApplicationContext
2014-08-31 11:24:17.029  INFO 8184 [localhost-startStop-1] --- o.s.web.context.ContextLoader            : Root WebApplicationContext: initialization completed in 2736 ms
2014-08-31 11:24:17.778  INFO 8184 [localhost-startStop-1] --- o.s.b.c.e.ServletRegistrationBean        : Mapping servlet: 'dispatcherServlet' to [/]
2014-08-31 11:24:17.783  INFO 8184 [localhost-startStop-1] --- o.s.b.c.embedded.FilterRegistrationBean  : Mapping filter: 'hiddenHttpMethodFilter' to: [/*]
2014-08-31 11:24:18.656  INFO 8184 [main] --- j.LocalContainerEntityManagerFactoryBean : Building JPA container EntityManagerFactory for persistence unit 'default'
2014-08-31 11:24:18.675  INFO 8184 [main] --- o.hibernate.jpa.internal.util.LogHelper  : HHH000204: Processing PersistenceUnitInfo [
	name: default
	...]
2014-08-31 11:24:18.945  INFO 8184 [main] --- org.hibernate.Version                    : HHH000412: Hibernate Core {4.3.5.Final}
2014-08-31 11:24:18.947  INFO 8184 [main] --- org.hibernate.cfg.Environment            : HHH000206: hibernate.properties not found
2014-08-31 11:24:18.969  INFO 8184 [main] --- org.hibernate.cfg.Environment            : HHH000021: Bytecode provider name : javassist
2014-08-31 11:24:19.352  INFO 8184 [main] --- o.hibernate.annotations.common.Version   : HCANN000001: Hibernate Commons Annotations {4.0.4.Final}
2014-08-31 11:24:19.465  INFO 8184 [main] --- org.hibernate.dialect.Dialect            : HHH000400: Using dialect: org.hibernate.dialect.H2Dialect
2014-08-31 11:24:19.591  INFO 8184 [main] --- o.h.h.i.ast.ASTQueryTranslatorFactory    : HHH000397: Using ASTQueryTranslatorFactory
2014-08-31 11:24:19.791  INFO 8184 [main] --- org.hibernate.tool.hbm2ddl.SchemaExport  : HHH000227: Running hbm2ddl schema export
2014-08-31 11:24:19.797  INFO 8184 [main] --- org.hibernate.tool.hbm2ddl.SchemaExport  : HHH000230: Schema export complete
2014-08-31 11:24:19.933  INFO 8184 [main] --- o.s.w.s.handler.SimpleUrlHandlerMapping  : Mapped URL path [/**/favicon.ico] onto handler of type [class org.springframework.web.servlet.resource.ResourceHttpRequestHandler]
2014-08-31 11:24:20.162  INFO 8184 [main] --- s.w.s.m.m.a.RequestMappingHandlerMapping : Mapped "{[/error],methods=[],params=[],headers=[],consumes=[],produces=[],custom=[]}" onto public org.springframework.http.ResponseEntity<java.util.Map<java.lang.String, java.lang.Object>> org.springframework.boot.autoconfigure.web.BasicErrorController.error(javax.servlet.http.HttpServletRequest)
2014-08-31 11:24:20.162  INFO 8184 [main] --- s.w.s.m.m.a.RequestMappingHandlerMapping : Mapped "{[/error],methods=[],params=[],headers=[],consumes=[],produces=[text/html],custom=[]}" onto public org.springframework.web.servlet.ModelAndView org.springframework.boot.autoconfigure.web.BasicErrorController.errorHtml(javax.servlet.http.HttpServletRequest)
2014-08-31 11:24:20.167  INFO 8184 [main] --- o.s.w.s.c.a.WebMvcConfigurerAdapter      : Adding welcome page: file:/C:/Users/Mirek/git/NotesMe/target/classes/public/index.html
2014-08-31 11:24:20.171  INFO 8184 [main] --- o.s.w.s.handler.SimpleUrlHandlerMapping  : Root mapping to handler of type [class org.springframework.web.servlet.mvc.ParameterizableViewController]
2014-08-31 11:24:20.183  INFO 8184 [main] --- o.s.w.s.handler.SimpleUrlHandlerMapping  : Mapped URL path [/webjars/**] onto handler of type [class org.springframework.web.servlet.resource.ResourceHttpRequestHandler]
2014-08-31 11:24:20.184  INFO 8184 [main] --- o.s.w.s.handler.SimpleUrlHandlerMapping  : Mapped URL path [/**] onto handler of type [class org.springframework.web.servlet.resource.ResourceHttpRequestHandler]
2014-08-31 11:24:20.500  INFO 8184 [main] --- o.s.j.e.a.AnnotationMBeanExporter        : Registering beans for JMX exposure on startup
2014-08-31 11:24:20.635  INFO 8184 [main] --- s.b.c.e.t.TomcatEmbeddedServletContainer : Tomcat started on port(s): 8080/http
2014-08-31 11:24:20.637  INFO 8184 [main] --- pl.programmers.Runner                    : Started Runner in 6.944 seconds (JVM running for 7.544)
2014-08-31 11:24:21.770  INFO 8184 [http-nio-8080-exec-1] --- o.a.c.c.C.[Tomcat].[localhost].[/]       : Initializing Spring FrameworkServlet 'dispatcherServlet'
2014-08-31 11:24:21.770  INFO 8184 [http-nio-8080-exec-1] --- o.s.web.servlet.DispatcherServlet        : FrameworkServlet 'dispatcherServlet': initialization started
2014-08-31 11:24:21.792  INFO 8184 [http-nio-8080-exec-1] --- o.s.web.servlet.DispatcherServlet        : FrameworkServlet 'dispatcherServlet': initialization completed in 21 ms
